<?xml version="1.0" encoding="UTF-8"?>
<!-- Generated by org.testng.reporters.JUnitReportReporter -->
<testsuite hostname="DESKTOP-EGHVBV3" failures="0" tests="1" name="TestScripts.LearnClass" time="7.164" errors="0" timestamp="2024-08-14T19:55:42 IST" skipped="0">
  <testcase classname="TestScripts.LearnClass" name="main" time="7.164"/>
  <system-out/>
</testsuite> <!-- TestScripts.LearnClass -->
