<?xml version="1.0" encoding="UTF-8"?>
<!-- Generated by org.testng.reporters.JUnitReportReporter -->
<testsuite hostname="DESKTOP-EGHVBV3" failures="0" tests="1" name="LearnJavaPrograms.TestNGLearning" time="0.028" errors="0" timestamp="2024-11-23T19:23:20 IST" skipped="0">
  <testcase classname="LearnJavaPrograms.TestNGLearning" name="testMethod" time="0.028"/>
  <system-out/>
</testsuite> <!-- LearnJavaPrograms.TestNGLearning -->
