<?xml version="1.0" encoding="UTF-8"?>
<!-- Generated by org.testng.reporters.JUnitReportReporter -->
<testsuite hostname="DESKTOP-EGHVBV3" failures="0" tests="1" name="Runner.CucumberRunner" time="15.272" errors="0" timestamp="2024-08-17T15:33:01 IST" skipped="0">
  <testcase classname="Runner.CucumberRunner" name="runScenario" time="15.272"/>
  <system-out/>
</testsuite> <!-- Runner.CucumberRunner -->
